python commander.py train \
--model_name "rggnet_novae"  \
--gpu 0 \
--clean_up False
/usr/local/lib/python3.7/dist-packages/tensorflow/python/framework/dtypes.py:516: FutureWarning: Passing (type, 1) or '1type' as a synonym of type is deprecated; in a future version of numpy, it will be understood as (type, (1,)) / '(1,)type'.
  _np_qint8 = np.dtype([("qint8", np.int8, 1)])
/usr/local/lib/python3.7/dist-packages/tensorflow/python/framework/dtypes.py:517: FutureWarning: Passing (type, 1) or '1type' as a synonym of type is deprecated; in a future version of numpy, it will be understood as (type, (1,)) / '(1,)type'.
  _np_quint8 = np.dtype([("quint8", np.uint8, 1)])
/usr/local/lib/python3.7/dist-packages/tensorflow/python/framework/dtypes.py:518: FutureWarning: Passing (type, 1) or '1type' as a synonym of type is deprecated; in a future version of numpy, it will be understood as (type, (1,)) / '(1,)type'.
  _np_qint16 = np.dtype([("qint16", np.int16, 1)])
/usr/local/lib/python3.7/dist-packages/tensorflow/python/framework/dtypes.py:519: FutureWarning: Passing (type, 1) or '1type' as a synonym of type is deprecated; in a future version of numpy, it will be understood as (type, (1,)) / '(1,)type'.
  _np_quint16 = np.dtype([("quint16", np.uint16, 1)])
/usr/local/lib/python3.7/dist-packages/tensorflow/python/framework/dtypes.py:520: FutureWarning: Passing (type, 1) or '1type' as a synonym of type is deprecated; in a future version of numpy, it will be understood as (type, (1,)) / '(1,)type'.
  _np_qint32 = np.dtype([("qint32", np.int32, 1)])
/usr/local/lib/python3.7/dist-packages/tensorflow/python/framework/dtypes.py:525: FutureWarning: Passing (type, 1) or '1type' as a synonym of type is deprecated; in a future version of numpy, it will be understood as (type, (1,)) / '(1,)type'.
  np_resource = np.dtype([("resource", np.ubyte, 1)])
/usr/local/lib/python3.7/dist-packages/tensorboard/compat/tensorflow_stub/dtypes.py:541: FutureWarning: Passing (type, 1) or '1type' as a synonym of type is deprecated; in a future version of numpy, it will be understood as (type, (1,)) / '(1,)type'.
  _np_qint8 = np.dtype([("qint8", np.int8, 1)])
/usr/local/lib/python3.7/dist-packages/tensorboard/compat/tensorflow_stub/dtypes.py:542: FutureWarning: Passing (type, 1) or '1type' as a synonym of type is deprecated; in a future version of numpy, it will be understood as (type, (1,)) / '(1,)type'.
  _np_quint8 = np.dtype([("quint8", np.uint8, 1)])
/usr/local/lib/python3.7/dist-packages/tensorboard/compat/tensorflow_stub/dtypes.py:543: FutureWarning: Passing (type, 1) or '1type' as a synonym of type is deprecated; in a future version of numpy, it will be understood as (type, (1,)) / '(1,)type'.
  _np_qint16 = np.dtype([("qint16", np.int16, 1)])
/usr/local/lib/python3.7/dist-packages/tensorboard/compat/tensorflow_stub/dtypes.py:544: FutureWarning: Passing (type, 1) or '1type' as a synonym of type is deprecated; in a future version of numpy, it will be understood as (type, (1,)) / '(1,)type'.
  _np_quint16 = np.dtype([("quint16", np.uint16, 1)])
/usr/local/lib/python3.7/dist-packages/tensorboard/compat/tensorflow_stub/dtypes.py:545: FutureWarning: Passing (type, 1) or '1type' as a synonym of type is deprecated; in a future version of numpy, it will be understood as (type, (1,)) / '(1,)type'.
  _np_qint32 = np.dtype([("qint32", np.int32, 1)])
/usr/local/lib/python3.7/dist-packages/tensorboard/compat/tensorflow_stub/dtypes.py:550: FutureWarning: Passing (type, 1) or '1type' as a synonym of type is deprecated; in a future version of numpy, it will be understood as (type, (1,)) / '(1,)type'.
  np_resource = np.dtype([("resource", np.ubyte, 1)])
WARNING:tensorflow:From /root/rggnet/training/models/rggnet_novae_model.py:5: The name tf.logging.set_verbosity is deprecated. Please use tf.compat.v1.logging.set_verbosity instead.

WARNING:tensorflow:From /root/rggnet/training/models/rggnet_novae_model.py:5: The name tf.logging.ERROR is deprecated. Please use tf.compat.v1.logging.ERROR instead.

Using tensorflow backend
WARNING:tensorflow:From /root/rggnet/training/core/base_model.py:190: The name tf.logging.info is deprecated. Please use tf.compat.v1.logging.info instead.

INFO:tensorflow:[BaseCompute] Constructing graph now...
WARNING:tensorflow:From /root/rggnet/training/models/rggnet_novae_model.py:17: The name tf.variable_scope is deprecated. Please use tf.compat.v1.variable_scope instead.

WARNING:tensorflow:From /root/rggnet/training/models/rggnet_novae_model.py:18: The name tf.placeholder is deprecated. Please use tf.compat.v1.placeholder instead.

WARNING:tensorflow:From /root/rggnet/training/utils/tf_rggnet.py:10: The name tf.nn.avg_pool is deprecated. Please use tf.nn.avg_pool2d instead.

WARNING:tensorflow:From /root/rggnet/training/utils/tf_rggnet.py:26: flatten (from tensorflow.python.layers.core) is deprecated and will be removed in a future version.
Instructions for updating:
Use keras.layers.flatten instead.
WARNING:tensorflow:From /root/rggnet/training/utils/tf_rggnet.py:29: dense (from tensorflow.python.layers.core) is deprecated and will be removed in a future version.
Instructions for updating:
Use keras.layers.dense instead.
WARNING:tensorflow:From /usr/local/lib/python3.7/dist-packages/tensorflow/python/ops/init_ops.py:1251: calling VarianceScaling.__init__ (from tensorflow.python.ops.init_ops) with dtype is deprecated and will be removed in a future version.
Instructions for updating:
Call initializer instance with the dtype argument instead of passing it to the constructor
WARNING:tensorflow:From /root/rggnet/training/utils/tf_rggnet.py:30: dropout (from tensorflow.python.layers.core) is deprecated and will be removed in a future version.
Instructions for updating:
Use keras.layers.dropout instead.
WARNING:tensorflow:From /usr/local/lib/python3.7/dist-packages/geomstats/backend/tensorflow.py:267: The name tf.trace is deprecated. Please use tf.linalg.trace instead.

INFO:tensorflow:[Restoring weights] Setting ......
INFO:tensorflow:[Restoring weights] From ./resnet_v2_50_2017_04_14/resnet_v2_50.ckpt
WARNING:tensorflow:Variable depth_map/conv1/weights missing in checkpoint ./resnet_v2_50_2017_04_14/resnet_v2_50.ckpt
WARNING:tensorflow:Variable depth_map/conv1/biases missing in checkpoint ./resnet_v2_50_2017_04_14/resnet_v2_50.ckpt
WARNING:tensorflow:Variable depth_map/block1/unit_1/bottleneck_v2/preact/gamma missing in checkpoint ./resnet_v2_50_2017_04_14/resnet_v2_50.ckpt
WARNING:tensorflow:Variable depth_map/block1/unit_1/bottleneck_v2/preact/beta missing in checkpoint ./resnet_v2_50_2017_04_14/resnet_v2_50.ckpt
WARNING:tensorflow:Variable depth_map/block1/unit_1/bottleneck_v2/preact/moving_mean missing in checkpoint ./resnet_v2_50_2017_04_14/resnet_v2_50.ckpt
WARNING:tensorflow:Variable depth_map/block1/unit_1/bottleneck_v2/preact/moving_variance missing in checkpoint ./resnet_v2_50_2017_04_14/resnet_v2_50.ckpt
WARNING:tensorflow:Variable depth_map/block1/unit_1/bottleneck_v2/shortcut/weights missing in checkpoint ./resnet_v2_50_2017_04_14/resnet_v2_50.ckpt
WARNING:tensorflow:Variable depth_map/block1/unit_1/bottleneck_v2/shortcut/biases missing in checkpoint ./resnet_v2_50_2017_04_14/resnet_v2_50.ckpt
WARNING:tensorflow:Variable depth_map/block1/unit_1/bottleneck_v2/conv1/weights missing in checkpoint ./resnet_v2_50_2017_04_14/resnet_v2_50.ckpt
WARNING:tensorflow:Variable depth_map/block1/unit_1/bottleneck_v2/conv1/BatchNorm/gamma missing in checkpoint ./resnet_v2_50_2017_04_14/resnet_v2_50.ckpt
WARNING:tensorflow:Variable depth_map/block1/unit_1/bottleneck_v2/conv1/BatchNorm/beta missing in checkpoint ./resnet_v2_50_2017_04_14/resnet_v2_50.ckpt
WARNING:tensorflow:Variable depth_map/block1/unit_1/bottleneck_v2/conv1/BatchNorm/moving_mean missing in checkpoint ./resnet_v2_50_2017_04_14/resnet_v2_50.ckpt
WARNING:tensorflow:Variable depth_map/block1/unit_1/bottleneck_v2/conv1/BatchNorm/moving_variance missing in checkpoint ./resnet_v2_50_2017_04_14/resnet_v2_50.ckpt
WARNING:tensorflow:Variable depth_map/block1/unit_1/bottleneck_v2/conv2/weights missing in checkpoint ./resnet_v2_50_2017_04_14/resnet_v2_50.ckpt
WARNING:tensorflow:Variable depth_map/block1/unit_1/bottleneck_v2/conv2/BatchNorm/gamma missing in checkpoint ./resnet_v2_50_2017_04_14/resnet_v2_50.ckpt
WARNING:tensorflow:Variable depth_map/block1/unit_1/bottleneck_v2/conv2/BatchNorm/beta missing in checkpoint ./resnet_v2_50_2017_04_14/resnet_v2_50.ckpt
WARNING:tensorflow:Variable depth_map/block1/unit_1/bottleneck_v2/conv2/BatchNorm/moving_mean missing in checkpoint ./resnet_v2_50_2017_04_14/resnet_v2_50.ckpt
WARNING:tensorflow:Variable depth_map/block1/unit_1/bottleneck_v2/conv2/BatchNorm/moving_variance missing in checkpoint ./resnet_v2_50_2017_04_14/resnet_v2_50.ckpt
WARNING:tensorflow:Variable depth_map/block1/unit_1/bottleneck_v2/conv3/weights missing in checkpoint ./resnet_v2_50_2017_04_14/resnet_v2_50.ckpt
WARNING:tensorflow:Variable depth_map/block1/unit_1/bottleneck_v2/conv3/biases missing in checkpoint ./resnet_v2_50_2017_04_14/resnet_v2_50.ckpt
WARNING:tensorflow:Variable depth_map/block1/unit_2/bottleneck_v2/preact/gamma missing in checkpoint ./resnet_v2_50_2017_04_14/resnet_v2_50.ckpt
WARNING:tensorflow:Variable depth_map/block1/unit_2/bottleneck_v2/preact/beta missing in checkpoint ./resnet_v2_50_2017_04_14/resnet_v2_50.ckpt
WARNING:tensorflow:Variable depth_map/block1/unit_2/bottleneck_v2/preact/moving_mean missing in checkpoint ./resnet_v2_50_2017_04_14/resnet_v2_50.ckpt
WARNING:tensorflow:Variable depth_map/block1/unit_2/bottleneck_v2/preact/moving_variance missing in checkpoint ./resnet_v2_50_2017_04_14/resnet_v2_50.ckpt
WARNING:tensorflow:Variable depth_map/block1/unit_2/bottleneck_v2/conv1/weights missing in checkpoint ./resnet_v2_50_2017_04_14/resnet_v2_50.ckpt
WARNING:tensorflow:Variable depth_map/block1/unit_2/bottleneck_v2/conv1/BatchNorm/gamma missing in checkpoint ./resnet_v2_50_2017_04_14/resnet_v2_50.ckpt
WARNING:tensorflow:Variable depth_map/block1/unit_2/bottleneck_v2/conv1/BatchNorm/beta missing in checkpoint ./resnet_v2_50_2017_04_14/resnet_v2_50.ckpt
WARNING:tensorflow:Variable depth_map/block1/unit_2/bottleneck_v2/conv1/BatchNorm/moving_mean missing in checkpoint ./resnet_v2_50_2017_04_14/resnet_v2_50.ckpt
WARNING:tensorflow:Variable depth_map/block1/unit_2/bottleneck_v2/conv1/BatchNorm/moving_variance missing in checkpoint ./resnet_v2_50_2017_04_14/resnet_v2_50.ckpt
WARNING:tensorflow:Variable depth_map/block1/unit_2/bottleneck_v2/conv2/weights missing in checkpoint ./resnet_v2_50_2017_04_14/resnet_v2_50.ckpt
WARNING:tensorflow:Variable depth_map/block1/unit_2/bottleneck_v2/conv2/BatchNorm/gamma missing in checkpoint ./resnet_v2_50_2017_04_14/resnet_v2_50.ckpt
WARNING:tensorflow:Variable depth_map/block1/unit_2/bottleneck_v2/conv2/BatchNorm/beta missing in checkpoint ./resnet_v2_50_2017_04_14/resnet_v2_50.ckpt
WARNING:tensorflow:Variable depth_map/block1/unit_2/bottleneck_v2/conv2/BatchNorm/moving_mean missing in checkpoint ./resnet_v2_50_2017_04_14/resnet_v2_50.ckpt
WARNING:tensorflow:Variable depth_map/block1/unit_2/bottleneck_v2/conv2/BatchNorm/moving_variance missing in checkpoint ./resnet_v2_50_2017_04_14/resnet_v2_50.ckpt
WARNING:tensorflow:Variable depth_map/block1/unit_2/bottleneck_v2/conv3/weights missing in checkpoint ./resnet_v2_50_2017_04_14/resnet_v2_50.ckpt
WARNING:tensorflow:Variable depth_map/block1/unit_2/bottleneck_v2/conv3/biases missing in checkpoint ./resnet_v2_50_2017_04_14/resnet_v2_50.ckpt
WARNING:tensorflow:Variable depth_map/block1/unit_3/bottleneck_v2/preact/gamma missing in checkpoint ./resnet_v2_50_2017_04_14/resnet_v2_50.ckpt
WARNING:tensorflow:Variable depth_map/block1/unit_3/bottleneck_v2/preact/beta missing in checkpoint ./resnet_v2_50_2017_04_14/resnet_v2_50.ckpt
WARNING:tensorflow:Variable depth_map/block1/unit_3/bottleneck_v2/preact/moving_mean missing in checkpoint ./resnet_v2_50_2017_04_14/resnet_v2_50.ckpt
WARNING:tensorflow:Variable depth_map/block1/unit_3/bottleneck_v2/preact/moving_variance missing in checkpoint ./resnet_v2_50_2017_04_14/resnet_v2_50.ckpt
WARNING:tensorflow:Variable depth_map/block1/unit_3/bottleneck_v2/conv1/weights missing in checkpoint ./resnet_v2_50_2017_04_14/resnet_v2_50.ckpt
WARNING:tensorflow:Variable depth_map/block1/unit_3/bottleneck_v2/conv1/BatchNorm/gamma missing in checkpoint ./resnet_v2_50_2017_04_14/resnet_v2_50.ckpt
WARNING:tensorflow:Variable depth_map/block1/unit_3/bottleneck_v2/conv1/BatchNorm/beta missing in checkpoint ./resnet_v2_50_2017_04_14/resnet_v2_50.ckpt
WARNING:tensorflow:Variable depth_map/block1/unit_3/bottleneck_v2/conv1/BatchNorm/moving_mean missing in checkpoint ./resnet_v2_50_2017_04_14/resnet_v2_50.ckpt
WARNING:tensorflow:Variable depth_map/block1/unit_3/bottleneck_v2/conv1/BatchNorm/moving_variance missing in checkpoint ./resnet_v2_50_2017_04_14/resnet_v2_50.ckpt
WARNING:tensorflow:Variable depth_map/block1/unit_3/bottleneck_v2/conv2/weights missing in checkpoint ./resnet_v2_50_2017_04_14/resnet_v2_50.ckpt
WARNING:tensorflow:Variable depth_map/block1/unit_3/bottleneck_v2/conv2/BatchNorm/gamma missing in checkpoint ./resnet_v2_50_2017_04_14/resnet_v2_50.ckpt
WARNING:tensorflow:Variable depth_map/block1/unit_3/bottleneck_v2/conv2/BatchNorm/beta missing in checkpoint ./resnet_v2_50_2017_04_14/resnet_v2_50.ckpt
WARNING:tensorflow:Variable depth_map/block1/unit_3/bottleneck_v2/conv2/BatchNorm/moving_mean missing in checkpoint ./resnet_v2_50_2017_04_14/resnet_v2_50.ckpt
WARNING:tensorflow:Variable depth_map/block1/unit_3/bottleneck_v2/conv2/BatchNorm/moving_variance missing in checkpoint ./resnet_v2_50_2017_04_14/resnet_v2_50.ckpt
WARNING:tensorflow:Variable depth_map/block1/unit_3/bottleneck_v2/conv3/weights missing in checkpoint ./resnet_v2_50_2017_04_14/resnet_v2_50.ckpt
WARNING:tensorflow:Variable depth_map/block1/unit_3/bottleneck_v2/conv3/biases missing in checkpoint ./resnet_v2_50_2017_04_14/resnet_v2_50.ckpt
WARNING:tensorflow:Variable depth_map/block2/unit_1/bottleneck_v2/preact/gamma missing in checkpoint ./resnet_v2_50_2017_04_14/resnet_v2_50.ckpt
WARNING:tensorflow:Variable depth_map/block2/unit_1/bottleneck_v2/preact/beta missing in checkpoint ./resnet_v2_50_2017_04_14/resnet_v2_50.ckpt
WARNING:tensorflow:Variable depth_map/block2/unit_1/bottleneck_v2/preact/moving_mean missing in checkpoint ./resnet_v2_50_2017_04_14/resnet_v2_50.ckpt
WARNING:tensorflow:Variable depth_map/block2/unit_1/bottleneck_v2/preact/moving_variance missing in checkpoint ./resnet_v2_50_2017_04_14/resnet_v2_50.ckpt
WARNING:tensorflow:Variable depth_map/block2/unit_1/bottleneck_v2/shortcut/weights missing in checkpoint ./resnet_v2_50_2017_04_14/resnet_v2_50.ckpt
WARNING:tensorflow:Variable depth_map/block2/unit_1/bottleneck_v2/shortcut/biases missing in checkpoint ./resnet_v2_50_2017_04_14/resnet_v2_50.ckpt
WARNING:tensorflow:Variable depth_map/block2/unit_1/bottleneck_v2/conv1/weights missing in checkpoint ./resnet_v2_50_2017_04_14/resnet_v2_50.ckpt
WARNING:tensorflow:Variable depth_map/block2/unit_1/bottleneck_v2/conv1/BatchNorm/gamma missing in checkpoint ./resnet_v2_50_2017_04_14/resnet_v2_50.ckpt
WARNING:tensorflow:Variable depth_map/block2/unit_1/bottleneck_v2/conv1/BatchNorm/beta missing in checkpoint ./resnet_v2_50_2017_04_14/resnet_v2_50.ckpt
WARNING:tensorflow:Variable depth_map/block2/unit_1/bottleneck_v2/conv1/BatchNorm/moving_mean missing in checkpoint ./resnet_v2_50_2017_04_14/resnet_v2_50.ckpt
WARNING:tensorflow:Variable depth_map/block2/unit_1/bottleneck_v2/conv1/BatchNorm/moving_variance missing in checkpoint ./resnet_v2_50_2017_04_14/resnet_v2_50.ckpt
WARNING:tensorflow:Variable depth_map/block2/unit_1/bottleneck_v2/conv2/weights missing in checkpoint ./resnet_v2_50_2017_04_14/resnet_v2_50.ckpt
WARNING:tensorflow:Variable depth_map/block2/unit_1/bottleneck_v2/conv2/BatchNorm/gamma missing in checkpoint ./resnet_v2_50_2017_04_14/resnet_v2_50.ckpt
WARNING:tensorflow:Variable depth_map/block2/unit_1/bottleneck_v2/conv2/BatchNorm/beta missing in checkpoint ./resnet_v2_50_2017_04_14/resnet_v2_50.ckpt
WARNING:tensorflow:Variable depth_map/block2/unit_1/bottleneck_v2/conv2/BatchNorm/moving_mean missing in checkpoint ./resnet_v2_50_2017_04_14/resnet_v2_50.ckpt
WARNING:tensorflow:Variable depth_map/block2/unit_1/bottleneck_v2/conv2/BatchNorm/moving_variance missing in checkpoint ./resnet_v2_50_2017_04_14/resnet_v2_50.ckpt
WARNING:tensorflow:Variable depth_map/block2/unit_1/bottleneck_v2/conv3/weights missing in checkpoint ./resnet_v2_50_2017_04_14/resnet_v2_50.ckpt
WARNING:tensorflow:Variable depth_map/block2/unit_1/bottleneck_v2/conv3/biases missing in checkpoint ./resnet_v2_50_2017_04_14/resnet_v2_50.ckpt
WARNING:tensorflow:Variable depth_map/block2/unit_2/bottleneck_v2/preact/gamma missing in checkpoint ./resnet_v2_50_2017_04_14/resnet_v2_50.ckpt
WARNING:tensorflow:Variable depth_map/block2/unit_2/bottleneck_v2/preact/beta missing in checkpoint ./resnet_v2_50_2017_04_14/resnet_v2_50.ckpt
WARNING:tensorflow:Variable depth_map/block2/unit_2/bottleneck_v2/preact/moving_mean missing in checkpoint ./resnet_v2_50_2017_04_14/resnet_v2_50.ckpt
WARNING:tensorflow:Variable depth_map/block2/unit_2/bottleneck_v2/preact/moving_variance missing in checkpoint ./resnet_v2_50_2017_04_14/resnet_v2_50.ckpt
WARNING:tensorflow:Variable depth_map/block2/unit_2/bottleneck_v2/conv1/weights missing in checkpoint ./resnet_v2_50_2017_04_14/resnet_v2_50.ckpt
WARNING:tensorflow:Variable depth_map/block2/unit_2/bottleneck_v2/conv1/BatchNorm/gamma missing in checkpoint ./resnet_v2_50_2017_04_14/resnet_v2_50.ckpt
WARNING:tensorflow:Variable depth_map/block2/unit_2/bottleneck_v2/conv1/BatchNorm/beta missing in checkpoint ./resnet_v2_50_2017_04_14/resnet_v2_50.ckpt
WARNING:tensorflow:Variable depth_map/block2/unit_2/bottleneck_v2/conv1/BatchNorm/moving_mean missing in checkpoint ./resnet_v2_50_2017_04_14/resnet_v2_50.ckpt
WARNING:tensorflow:Variable depth_map/block2/unit_2/bottleneck_v2/conv1/BatchNorm/moving_variance missing in checkpoint ./resnet_v2_50_2017_04_14/resnet_v2_50.ckpt
WARNING:tensorflow:Variable depth_map/block2/unit_2/bottleneck_v2/conv2/weights missing in checkpoint ./resnet_v2_50_2017_04_14/resnet_v2_50.ckpt
WARNING:tensorflow:Variable depth_map/block2/unit_2/bottleneck_v2/conv2/BatchNorm/gamma missing in checkpoint ./resnet_v2_50_2017_04_14/resnet_v2_50.ckpt
WARNING:tensorflow:Variable depth_map/block2/unit_2/bottleneck_v2/conv2/BatchNorm/beta missing in checkpoint ./resnet_v2_50_2017_04_14/resnet_v2_50.ckpt
WARNING:tensorflow:Variable depth_map/block2/unit_2/bottleneck_v2/conv2/BatchNorm/moving_mean missing in checkpoint ./resnet_v2_50_2017_04_14/resnet_v2_50.ckpt
WARNING:tensorflow:Variable depth_map/block2/unit_2/bottleneck_v2/conv2/BatchNorm/moving_variance missing in checkpoint ./resnet_v2_50_2017_04_14/resnet_v2_50.ckpt
WARNING:tensorflow:Variable depth_map/block2/unit_2/bottleneck_v2/conv3/weights missing in checkpoint ./resnet_v2_50_2017_04_14/resnet_v2_50.ckpt
WARNING:tensorflow:Variable depth_map/block2/unit_2/bottleneck_v2/conv3/biases missing in checkpoint ./resnet_v2_50_2017_04_14/resnet_v2_50.ckpt
WARNING:tensorflow:Variable depth_map/block2/unit_3/bottleneck_v2/preact/gamma missing in checkpoint ./resnet_v2_50_2017_04_14/resnet_v2_50.ckpt
WARNING:tensorflow:Variable depth_map/block2/unit_3/bottleneck_v2/preact/beta missing in checkpoint ./resnet_v2_50_2017_04_14/resnet_v2_50.ckpt
WARNING:tensorflow:Variable depth_map/block2/unit_3/bottleneck_v2/preact/moving_mean missing in checkpoint ./resnet_v2_50_2017_04_14/resnet_v2_50.ckpt
WARNING:tensorflow:Variable depth_map/block2/unit_3/bottleneck_v2/preact/moving_variance missing in checkpoint ./resnet_v2_50_2017_04_14/resnet_v2_50.ckpt
WARNING:tensorflow:Variable depth_map/block2/unit_3/bottleneck_v2/conv1/weights missing in checkpoint ./resnet_v2_50_2017_04_14/resnet_v2_50.ckpt
WARNING:tensorflow:Variable depth_map/block2/unit_3/bottleneck_v2/conv1/BatchNorm/gamma missing in checkpoint ./resnet_v2_50_2017_04_14/resnet_v2_50.ckpt
WARNING:tensorflow:Variable depth_map/block2/unit_3/bottleneck_v2/conv1/BatchNorm/beta missing in checkpoint ./resnet_v2_50_2017_04_14/resnet_v2_50.ckpt
WARNING:tensorflow:Variable depth_map/block2/unit_3/bottleneck_v2/conv1/BatchNorm/moving_mean missing in checkpoint ./resnet_v2_50_2017_04_14/resnet_v2_50.ckpt
WARNING:tensorflow:Variable depth_map/block2/unit_3/bottleneck_v2/conv1/BatchNorm/moving_variance missing in checkpoint ./resnet_v2_50_2017_04_14/resnet_v2_50.ckpt
WARNING:tensorflow:Variable depth_map/block2/unit_3/bottleneck_v2/conv2/weights missing in checkpoint ./resnet_v2_50_2017_04_14/resnet_v2_50.ckpt
WARNING:tensorflow:Variable depth_map/block2/unit_3/bottleneck_v2/conv2/BatchNorm/gamma missing in checkpoint ./resnet_v2_50_2017_04_14/resnet_v2_50.ckpt
WARNING:tensorflow:Variable depth_map/block2/unit_3/bottleneck_v2/conv2/BatchNorm/beta missing in checkpoint ./resnet_v2_50_2017_04_14/resnet_v2_50.ckpt
WARNING:tensorflow:Variable depth_map/block2/unit_3/bottleneck_v2/conv2/BatchNorm/moving_mean missing in checkpoint ./resnet_v2_50_2017_04_14/resnet_v2_50.ckpt
WARNING:tensorflow:Variable depth_map/block2/unit_3/bottleneck_v2/conv2/BatchNorm/moving_variance missing in checkpoint ./resnet_v2_50_2017_04_14/resnet_v2_50.ckpt
WARNING:tensorflow:Variable depth_map/block2/unit_3/bottleneck_v2/conv3/weights missing in checkpoint ./resnet_v2_50_2017_04_14/resnet_v2_50.ckpt
WARNING:tensorflow:Variable depth_map/block2/unit_3/bottleneck_v2/conv3/biases missing in checkpoint ./resnet_v2_50_2017_04_14/resnet_v2_50.ckpt
WARNING:tensorflow:Variable depth_map/block2/unit_4/bottleneck_v2/preact/gamma missing in checkpoint ./resnet_v2_50_2017_04_14/resnet_v2_50.ckpt
WARNING:tensorflow:Variable depth_map/block2/unit_4/bottleneck_v2/preact/beta missing in checkpoint ./resnet_v2_50_2017_04_14/resnet_v2_50.ckpt
WARNING:tensorflow:Variable depth_map/block2/unit_4/bottleneck_v2/preact/moving_mean missing in checkpoint ./resnet_v2_50_2017_04_14/resnet_v2_50.ckpt
WARNING:tensorflow:Variable depth_map/block2/unit_4/bottleneck_v2/preact/moving_variance missing in checkpoint ./resnet_v2_50_2017_04_14/resnet_v2_50.ckpt
WARNING:tensorflow:Variable depth_map/block2/unit_4/bottleneck_v2/conv1/weights missing in checkpoint ./resnet_v2_50_2017_04_14/resnet_v2_50.ckpt
WARNING:tensorflow:Variable depth_map/block2/unit_4/bottleneck_v2/conv1/BatchNorm/gamma missing in checkpoint ./resnet_v2_50_2017_04_14/resnet_v2_50.ckpt
WARNING:tensorflow:Variable depth_map/block2/unit_4/bottleneck_v2/conv1/BatchNorm/beta missing in checkpoint ./resnet_v2_50_2017_04_14/resnet_v2_50.ckpt
WARNING:tensorflow:Variable depth_map/block2/unit_4/bottleneck_v2/conv1/BatchNorm/moving_mean missing in checkpoint ./resnet_v2_50_2017_04_14/resnet_v2_50.ckpt
WARNING:tensorflow:Variable depth_map/block2/unit_4/bottleneck_v2/conv1/BatchNorm/moving_variance missing in checkpoint ./resnet_v2_50_2017_04_14/resnet_v2_50.ckpt
WARNING:tensorflow:Variable depth_map/block2/unit_4/bottleneck_v2/conv2/weights missing in checkpoint ./resnet_v2_50_2017_04_14/resnet_v2_50.ckpt
WARNING:tensorflow:Variable depth_map/block2/unit_4/bottleneck_v2/conv2/BatchNorm/gamma missing in checkpoint ./resnet_v2_50_2017_04_14/resnet_v2_50.ckpt
WARNING:tensorflow:Variable depth_map/block2/unit_4/bottleneck_v2/conv2/BatchNorm/beta missing in checkpoint ./resnet_v2_50_2017_04_14/resnet_v2_50.ckpt
WARNING:tensorflow:Variable depth_map/block2/unit_4/bottleneck_v2/conv2/BatchNorm/moving_mean missing in checkpoint ./resnet_v2_50_2017_04_14/resnet_v2_50.ckpt
WARNING:tensorflow:Variable depth_map/block2/unit_4/bottleneck_v2/conv2/BatchNorm/moving_variance missing in checkpoint ./resnet_v2_50_2017_04_14/resnet_v2_50.ckpt
WARNING:tensorflow:Variable depth_map/block2/unit_4/bottleneck_v2/conv3/weights missing in checkpoint ./resnet_v2_50_2017_04_14/resnet_v2_50.ckpt
WARNING:tensorflow:Variable depth_map/block2/unit_4/bottleneck_v2/conv3/biases missing in checkpoint ./resnet_v2_50_2017_04_14/resnet_v2_50.ckpt
WARNING:tensorflow:Variable depth_map/block3/unit_1/bottleneck_v2/preact/gamma missing in checkpoint ./resnet_v2_50_2017_04_14/resnet_v2_50.ckpt
WARNING:tensorflow:Variable depth_map/block3/unit_1/bottleneck_v2/preact/beta missing in checkpoint ./resnet_v2_50_2017_04_14/resnet_v2_50.ckpt
WARNING:tensorflow:Variable depth_map/block3/unit_1/bottleneck_v2/preact/moving_mean missing in checkpoint ./resnet_v2_50_2017_04_14/resnet_v2_50.ckpt
WARNING:tensorflow:Variable depth_map/block3/unit_1/bottleneck_v2/preact/moving_variance missing in checkpoint ./resnet_v2_50_2017_04_14/resnet_v2_50.ckpt
WARNING:tensorflow:Variable depth_map/block3/unit_1/bottleneck_v2/shortcut/weights missing in checkpoint ./resnet_v2_50_2017_04_14/resnet_v2_50.ckpt
WARNING:tensorflow:Variable depth_map/block3/unit_1/bottleneck_v2/shortcut/biases missing in checkpoint ./resnet_v2_50_2017_04_14/resnet_v2_50.ckpt
WARNING:tensorflow:Variable depth_map/block3/unit_1/bottleneck_v2/conv1/weights missing in checkpoint ./resnet_v2_50_2017_04_14/resnet_v2_50.ckpt
WARNING:tensorflow:Variable depth_map/block3/unit_1/bottleneck_v2/conv1/BatchNorm/gamma missing in checkpoint ./resnet_v2_50_2017_04_14/resnet_v2_50.ckpt
WARNING:tensorflow:Variable depth_map/block3/unit_1/bottleneck_v2/conv1/BatchNorm/beta missing in checkpoint ./resnet_v2_50_2017_04_14/resnet_v2_50.ckpt
WARNING:tensorflow:Variable depth_map/block3/unit_1/bottleneck_v2/conv1/BatchNorm/moving_mean missing in checkpoint ./resnet_v2_50_2017_04_14/resnet_v2_50.ckpt
WARNING:tensorflow:Variable depth_map/block3/unit_1/bottleneck_v2/conv1/BatchNorm/moving_variance missing in checkpoint ./resnet_v2_50_2017_04_14/resnet_v2_50.ckpt
WARNING:tensorflow:Variable depth_map/block3/unit_1/bottleneck_v2/conv2/weights missing in checkpoint ./resnet_v2_50_2017_04_14/resnet_v2_50.ckpt
WARNING:tensorflow:Variable depth_map/block3/unit_1/bottleneck_v2/conv2/BatchNorm/gamma missing in checkpoint ./resnet_v2_50_2017_04_14/resnet_v2_50.ckpt
WARNING:tensorflow:Variable depth_map/block3/unit_1/bottleneck_v2/conv2/BatchNorm/beta missing in checkpoint ./resnet_v2_50_2017_04_14/resnet_v2_50.ckpt
WARNING:tensorflow:Variable depth_map/block3/unit_1/bottleneck_v2/conv2/BatchNorm/moving_mean missing in checkpoint ./resnet_v2_50_2017_04_14/resnet_v2_50.ckpt
WARNING:tensorflow:Variable depth_map/block3/unit_1/bottleneck_v2/conv2/BatchNorm/moving_variance missing in checkpoint ./resnet_v2_50_2017_04_14/resnet_v2_50.ckpt
WARNING:tensorflow:Variable depth_map/block3/unit_1/bottleneck_v2/conv3/weights missing in checkpoint ./resnet_v2_50_2017_04_14/resnet_v2_50.ckpt
WARNING:tensorflow:Variable depth_map/block3/unit_1/bottleneck_v2/conv3/biases missing in checkpoint ./resnet_v2_50_2017_04_14/resnet_v2_50.ckpt
WARNING:tensorflow:Variable depth_map/block3/unit_2/bottleneck_v2/preact/gamma missing in checkpoint ./resnet_v2_50_2017_04_14/resnet_v2_50.ckpt
WARNING:tensorflow:Variable depth_map/block3/unit_2/bottleneck_v2/preact/beta missing in checkpoint ./resnet_v2_50_2017_04_14/resnet_v2_50.ckpt
WARNING:tensorflow:Variable depth_map/block3/unit_2/bottleneck_v2/preact/moving_mean missing in checkpoint ./resnet_v2_50_2017_04_14/resnet_v2_50.ckpt
WARNING:tensorflow:Variable depth_map/block3/unit_2/bottleneck_v2/preact/moving_variance missing in checkpoint ./resnet_v2_50_2017_04_14/resnet_v2_50.ckpt
WARNING:tensorflow:Variable depth_map/block3/unit_2/bottleneck_v2/conv1/weights missing in checkpoint ./resnet_v2_50_2017_04_14/resnet_v2_50.ckpt
WARNING:tensorflow:Variable depth_map/block3/unit_2/bottleneck_v2/conv1/BatchNorm/gamma missing in checkpoint ./resnet_v2_50_2017_04_14/resnet_v2_50.ckpt
WARNING:tensorflow:Variable depth_map/block3/unit_2/bottleneck_v2/conv1/BatchNorm/beta missing in checkpoint ./resnet_v2_50_2017_04_14/resnet_v2_50.ckpt
WARNING:tensorflow:Variable depth_map/block3/unit_2/bottleneck_v2/conv1/BatchNorm/moving_mean missing in checkpoint ./resnet_v2_50_2017_04_14/resnet_v2_50.ckpt
WARNING:tensorflow:Variable depth_map/block3/unit_2/bottleneck_v2/conv1/BatchNorm/moving_variance missing in checkpoint ./resnet_v2_50_2017_04_14/resnet_v2_50.ckpt
WARNING:tensorflow:Variable depth_map/block3/unit_2/bottleneck_v2/conv2/weights missing in checkpoint ./resnet_v2_50_2017_04_14/resnet_v2_50.ckpt
WARNING:tensorflow:Variable depth_map/block3/unit_2/bottleneck_v2/conv2/BatchNorm/gamma missing in checkpoint ./resnet_v2_50_2017_04_14/resnet_v2_50.ckpt
WARNING:tensorflow:Variable depth_map/block3/unit_2/bottleneck_v2/conv2/BatchNorm/beta missing in checkpoint ./resnet_v2_50_2017_04_14/resnet_v2_50.ckpt
WARNING:tensorflow:Variable depth_map/block3/unit_2/bottleneck_v2/conv2/BatchNorm/moving_mean missing in checkpoint ./resnet_v2_50_2017_04_14/resnet_v2_50.ckpt
WARNING:tensorflow:Variable depth_map/block3/unit_2/bottleneck_v2/conv2/BatchNorm/moving_variance missing in checkpoint ./resnet_v2_50_2017_04_14/resnet_v2_50.ckpt
WARNING:tensorflow:Variable depth_map/block3/unit_2/bottleneck_v2/conv3/weights missing in checkpoint ./resnet_v2_50_2017_04_14/resnet_v2_50.ckpt
WARNING:tensorflow:Variable depth_map/block3/unit_2/bottleneck_v2/conv3/biases missing in checkpoint ./resnet_v2_50_2017_04_14/resnet_v2_50.ckpt
WARNING:tensorflow:Variable depth_map/block3/unit_3/bottleneck_v2/preact/gamma missing in checkpoint ./resnet_v2_50_2017_04_14/resnet_v2_50.ckpt
WARNING:tensorflow:Variable depth_map/block3/unit_3/bottleneck_v2/preact/beta missing in checkpoint ./resnet_v2_50_2017_04_14/resnet_v2_50.ckpt
WARNING:tensorflow:Variable depth_map/block3/unit_3/bottleneck_v2/preact/moving_mean missing in checkpoint ./resnet_v2_50_2017_04_14/resnet_v2_50.ckpt
WARNING:tensorflow:Variable depth_map/block3/unit_3/bottleneck_v2/preact/moving_variance missing in checkpoint ./resnet_v2_50_2017_04_14/resnet_v2_50.ckpt
WARNING:tensorflow:Variable depth_map/block3/unit_3/bottleneck_v2/conv1/weights missing in checkpoint ./resnet_v2_50_2017_04_14/resnet_v2_50.ckpt
WARNING:tensorflow:Variable depth_map/block3/unit_3/bottleneck_v2/conv1/BatchNorm/gamma missing in checkpoint ./resnet_v2_50_2017_04_14/resnet_v2_50.ckpt
WARNING:tensorflow:Variable depth_map/block3/unit_3/bottleneck_v2/conv1/BatchNorm/beta missing in checkpoint ./resnet_v2_50_2017_04_14/resnet_v2_50.ckpt
WARNING:tensorflow:Variable depth_map/block3/unit_3/bottleneck_v2/conv1/BatchNorm/moving_mean missing in checkpoint ./resnet_v2_50_2017_04_14/resnet_v2_50.ckpt
WARNING:tensorflow:Variable depth_map/block3/unit_3/bottleneck_v2/conv1/BatchNorm/moving_variance missing in checkpoint ./resnet_v2_50_2017_04_14/resnet_v2_50.ckpt
WARNING:tensorflow:Variable depth_map/block3/unit_3/bottleneck_v2/conv2/weights missing in checkpoint ./resnet_v2_50_2017_04_14/resnet_v2_50.ckpt
WARNING:tensorflow:Variable depth_map/block3/unit_3/bottleneck_v2/conv2/BatchNorm/gamma missing in checkpoint ./resnet_v2_50_2017_04_14/resnet_v2_50.ckpt
WARNING:tensorflow:Variable depth_map/block3/unit_3/bottleneck_v2/conv2/BatchNorm/beta missing in checkpoint ./resnet_v2_50_2017_04_14/resnet_v2_50.ckpt
WARNING:tensorflow:Variable depth_map/block3/unit_3/bottleneck_v2/conv2/BatchNorm/moving_mean missing in checkpoint ./resnet_v2_50_2017_04_14/resnet_v2_50.ckpt
WARNING:tensorflow:Variable depth_map/block3/unit_3/bottleneck_v2/conv2/BatchNorm/moving_variance missing in checkpoint ./resnet_v2_50_2017_04_14/resnet_v2_50.ckpt
WARNING:tensorflow:Variable depth_map/block3/unit_3/bottleneck_v2/conv3/weights missing in checkpoint ./resnet_v2_50_2017_04_14/resnet_v2_50.ckpt
WARNING:tensorflow:Variable depth_map/block3/unit_3/bottleneck_v2/conv3/biases missing in checkpoint ./resnet_v2_50_2017_04_14/resnet_v2_50.ckpt
WARNING:tensorflow:Variable depth_map/block3/unit_4/bottleneck_v2/preact/gamma missing in checkpoint ./resnet_v2_50_2017_04_14/resnet_v2_50.ckpt
WARNING:tensorflow:Variable depth_map/block3/unit_4/bottleneck_v2/preact/beta missing in checkpoint ./resnet_v2_50_2017_04_14/resnet_v2_50.ckpt
WARNING:tensorflow:Variable depth_map/block3/unit_4/bottleneck_v2/preact/moving_mean missing in checkpoint ./resnet_v2_50_2017_04_14/resnet_v2_50.ckpt
WARNING:tensorflow:Variable depth_map/block3/unit_4/bottleneck_v2/preact/moving_variance missing in checkpoint ./resnet_v2_50_2017_04_14/resnet_v2_50.ckpt
WARNING:tensorflow:Variable depth_map/block3/unit_4/bottleneck_v2/conv1/weights missing in checkpoint ./resnet_v2_50_2017_04_14/resnet_v2_50.ckpt
WARNING:tensorflow:Variable depth_map/block3/unit_4/bottleneck_v2/conv1/BatchNorm/gamma missing in checkpoint ./resnet_v2_50_2017_04_14/resnet_v2_50.ckpt
WARNING:tensorflow:Variable depth_map/block3/unit_4/bottleneck_v2/conv1/BatchNorm/beta missing in checkpoint ./resnet_v2_50_2017_04_14/resnet_v2_50.ckpt
WARNING:tensorflow:Variable depth_map/block3/unit_4/bottleneck_v2/conv1/BatchNorm/moving_mean missing in checkpoint ./resnet_v2_50_2017_04_14/resnet_v2_50.ckpt
WARNING:tensorflow:Variable depth_map/block3/unit_4/bottleneck_v2/conv1/BatchNorm/moving_variance missing in checkpoint ./resnet_v2_50_2017_04_14/resnet_v2_50.ckpt
WARNING:tensorflow:Variable depth_map/block3/unit_4/bottleneck_v2/conv2/weights missing in checkpoint ./resnet_v2_50_2017_04_14/resnet_v2_50.ckpt
WARNING:tensorflow:Variable depth_map/block3/unit_4/bottleneck_v2/conv2/BatchNorm/gamma missing in checkpoint ./resnet_v2_50_2017_04_14/resnet_v2_50.ckpt
WARNING:tensorflow:Variable depth_map/block3/unit_4/bottleneck_v2/conv2/BatchNorm/beta missing in checkpoint ./resnet_v2_50_2017_04_14/resnet_v2_50.ckpt
WARNING:tensorflow:Variable depth_map/block3/unit_4/bottleneck_v2/conv2/BatchNorm/moving_mean missing in checkpoint ./resnet_v2_50_2017_04_14/resnet_v2_50.ckpt
WARNING:tensorflow:Variable depth_map/block3/unit_4/bottleneck_v2/conv2/BatchNorm/moving_variance missing in checkpoint ./resnet_v2_50_2017_04_14/resnet_v2_50.ckpt
WARNING:tensorflow:Variable depth_map/block3/unit_4/bottleneck_v2/conv3/weights missing in checkpoint ./resnet_v2_50_2017_04_14/resnet_v2_50.ckpt
WARNING:tensorflow:Variable depth_map/block3/unit_4/bottleneck_v2/conv3/biases missing in checkpoint ./resnet_v2_50_2017_04_14/resnet_v2_50.ckpt
WARNING:tensorflow:Variable depth_map/block3/unit_5/bottleneck_v2/preact/gamma missing in checkpoint ./resnet_v2_50_2017_04_14/resnet_v2_50.ckpt
WARNING:tensorflow:Variable depth_map/block3/unit_5/bottleneck_v2/preact/beta missing in checkpoint ./resnet_v2_50_2017_04_14/resnet_v2_50.ckpt
WARNING:tensorflow:Variable depth_map/block3/unit_5/bottleneck_v2/preact/moving_mean missing in checkpoint ./resnet_v2_50_2017_04_14/resnet_v2_50.ckpt
WARNING:tensorflow:Variable depth_map/block3/unit_5/bottleneck_v2/preact/moving_variance missing in checkpoint ./resnet_v2_50_2017_04_14/resnet_v2_50.ckpt
WARNING:tensorflow:Variable depth_map/block3/unit_5/bottleneck_v2/conv1/weights missing in checkpoint ./resnet_v2_50_2017_04_14/resnet_v2_50.ckpt
WARNING:tensorflow:Variable depth_map/block3/unit_5/bottleneck_v2/conv1/BatchNorm/gamma missing in checkpoint ./resnet_v2_50_2017_04_14/resnet_v2_50.ckpt
WARNING:tensorflow:Variable depth_map/block3/unit_5/bottleneck_v2/conv1/BatchNorm/beta missing in checkpoint ./resnet_v2_50_2017_04_14/resnet_v2_50.ckpt
WARNING:tensorflow:Variable depth_map/block3/unit_5/bottleneck_v2/conv1/BatchNorm/moving_mean missing in checkpoint ./resnet_v2_50_2017_04_14/resnet_v2_50.ckpt
WARNING:tensorflow:Variable depth_map/block3/unit_5/bottleneck_v2/conv1/BatchNorm/moving_variance missing in checkpoint ./resnet_v2_50_2017_04_14/resnet_v2_50.ckpt
WARNING:tensorflow:Variable depth_map/block3/unit_5/bottleneck_v2/conv2/weights missing in checkpoint ./resnet_v2_50_2017_04_14/resnet_v2_50.ckpt
WARNING:tensorflow:Variable depth_map/block3/unit_5/bottleneck_v2/conv2/BatchNorm/gamma missing in checkpoint ./resnet_v2_50_2017_04_14/resnet_v2_50.ckpt
WARNING:tensorflow:Variable depth_map/block3/unit_5/bottleneck_v2/conv2/BatchNorm/beta missing in checkpoint ./resnet_v2_50_2017_04_14/resnet_v2_50.ckpt
WARNING:tensorflow:Variable depth_map/block3/unit_5/bottleneck_v2/conv2/BatchNorm/moving_mean missing in checkpoint ./resnet_v2_50_2017_04_14/resnet_v2_50.ckpt
WARNING:tensorflow:Variable depth_map/block3/unit_5/bottleneck_v2/conv2/BatchNorm/moving_variance missing in checkpoint ./resnet_v2_50_2017_04_14/resnet_v2_50.ckpt
WARNING:tensorflow:Variable depth_map/block3/unit_5/bottleneck_v2/conv3/weights missing in checkpoint ./resnet_v2_50_2017_04_14/resnet_v2_50.ckpt
WARNING:tensorflow:Variable depth_map/block3/unit_5/bottleneck_v2/conv3/biases missing in checkpoint ./resnet_v2_50_2017_04_14/resnet_v2_50.ckpt
WARNING:tensorflow:Variable depth_map/block3/unit_6/bottleneck_v2/preact/gamma missing in checkpoint ./resnet_v2_50_2017_04_14/resnet_v2_50.ckpt
WARNING:tensorflow:Variable depth_map/block3/unit_6/bottleneck_v2/preact/beta missing in checkpoint ./resnet_v2_50_2017_04_14/resnet_v2_50.ckpt
WARNING:tensorflow:Variable depth_map/block3/unit_6/bottleneck_v2/preact/moving_mean missing in checkpoint ./resnet_v2_50_2017_04_14/resnet_v2_50.ckpt
WARNING:tensorflow:Variable depth_map/block3/unit_6/bottleneck_v2/preact/moving_variance missing in checkpoint ./resnet_v2_50_2017_04_14/resnet_v2_50.ckpt
WARNING:tensorflow:Variable depth_map/block3/unit_6/bottleneck_v2/conv1/weights missing in checkpoint ./resnet_v2_50_2017_04_14/resnet_v2_50.ckpt
WARNING:tensorflow:Variable depth_map/block3/unit_6/bottleneck_v2/conv1/BatchNorm/gamma missing in checkpoint ./resnet_v2_50_2017_04_14/resnet_v2_50.ckpt
WARNING:tensorflow:Variable depth_map/block3/unit_6/bottleneck_v2/conv1/BatchNorm/beta missing in checkpoint ./resnet_v2_50_2017_04_14/resnet_v2_50.ckpt
WARNING:tensorflow:Variable depth_map/block3/unit_6/bottleneck_v2/conv1/BatchNorm/moving_mean missing in checkpoint ./resnet_v2_50_2017_04_14/resnet_v2_50.ckpt
WARNING:tensorflow:Variable depth_map/block3/unit_6/bottleneck_v2/conv1/BatchNorm/moving_variance missing in checkpoint ./resnet_v2_50_2017_04_14/resnet_v2_50.ckpt
WARNING:tensorflow:Variable depth_map/block3/unit_6/bottleneck_v2/conv2/weights missing in checkpoint ./resnet_v2_50_2017_04_14/resnet_v2_50.ckpt
WARNING:tensorflow:Variable depth_map/block3/unit_6/bottleneck_v2/conv2/BatchNorm/gamma missing in checkpoint ./resnet_v2_50_2017_04_14/resnet_v2_50.ckpt
WARNING:tensorflow:Variable depth_map/block3/unit_6/bottleneck_v2/conv2/BatchNorm/beta missing in checkpoint ./resnet_v2_50_2017_04_14/resnet_v2_50.ckpt
WARNING:tensorflow:Variable depth_map/block3/unit_6/bottleneck_v2/conv2/BatchNorm/moving_mean missing in checkpoint ./resnet_v2_50_2017_04_14/resnet_v2_50.ckpt
WARNING:tensorflow:Variable depth_map/block3/unit_6/bottleneck_v2/conv2/BatchNorm/moving_variance missing in checkpoint ./resnet_v2_50_2017_04_14/resnet_v2_50.ckpt
WARNING:tensorflow:Variable depth_map/block3/unit_6/bottleneck_v2/conv3/weights missing in checkpoint ./resnet_v2_50_2017_04_14/resnet_v2_50.ckpt
WARNING:tensorflow:Variable depth_map/block3/unit_6/bottleneck_v2/conv3/biases missing in checkpoint ./resnet_v2_50_2017_04_14/resnet_v2_50.ckpt
WARNING:tensorflow:Variable depth_map/block4/unit_1/bottleneck_v2/preact/gamma missing in checkpoint ./resnet_v2_50_2017_04_14/resnet_v2_50.ckpt
WARNING:tensorflow:Variable depth_map/block4/unit_1/bottleneck_v2/preact/beta missing in checkpoint ./resnet_v2_50_2017_04_14/resnet_v2_50.ckpt
WARNING:tensorflow:Variable depth_map/block4/unit_1/bottleneck_v2/preact/moving_mean missing in checkpoint ./resnet_v2_50_2017_04_14/resnet_v2_50.ckpt
WARNING:tensorflow:Variable depth_map/block4/unit_1/bottleneck_v2/preact/moving_variance missing in checkpoint ./resnet_v2_50_2017_04_14/resnet_v2_50.ckpt
WARNING:tensorflow:Variable depth_map/block4/unit_1/bottleneck_v2/shortcut/weights missing in checkpoint ./resnet_v2_50_2017_04_14/resnet_v2_50.ckpt
WARNING:tensorflow:Variable depth_map/block4/unit_1/bottleneck_v2/shortcut/biases missing in checkpoint ./resnet_v2_50_2017_04_14/resnet_v2_50.ckpt
WARNING:tensorflow:Variable depth_map/block4/unit_1/bottleneck_v2/conv1/weights missing in checkpoint ./resnet_v2_50_2017_04_14/resnet_v2_50.ckpt
WARNING:tensorflow:Variable depth_map/block4/unit_1/bottleneck_v2/conv1/BatchNorm/gamma missing in checkpoint ./resnet_v2_50_2017_04_14/resnet_v2_50.ckpt
WARNING:tensorflow:Variable depth_map/block4/unit_1/bottleneck_v2/conv1/BatchNorm/beta missing in checkpoint ./resnet_v2_50_2017_04_14/resnet_v2_50.ckpt
WARNING:tensorflow:Variable depth_map/block4/unit_1/bottleneck_v2/conv1/BatchNorm/moving_mean missing in checkpoint ./resnet_v2_50_2017_04_14/resnet_v2_50.ckpt
WARNING:tensorflow:Variable depth_map/block4/unit_1/bottleneck_v2/conv1/BatchNorm/moving_variance missing in checkpoint ./resnet_v2_50_2017_04_14/resnet_v2_50.ckpt
WARNING:tensorflow:Variable depth_map/block4/unit_1/bottleneck_v2/conv2/weights missing in checkpoint ./resnet_v2_50_2017_04_14/resnet_v2_50.ckpt
WARNING:tensorflow:Variable depth_map/block4/unit_1/bottleneck_v2/conv2/BatchNorm/gamma missing in checkpoint ./resnet_v2_50_2017_04_14/resnet_v2_50.ckpt
WARNING:tensorflow:Variable depth_map/block4/unit_1/bottleneck_v2/conv2/BatchNorm/beta missing in checkpoint ./resnet_v2_50_2017_04_14/resnet_v2_50.ckpt
WARNING:tensorflow:Variable depth_map/block4/unit_1/bottleneck_v2/conv2/BatchNorm/moving_mean missing in checkpoint ./resnet_v2_50_2017_04_14/resnet_v2_50.ckpt
WARNING:tensorflow:Variable depth_map/block4/unit_1/bottleneck_v2/conv2/BatchNorm/moving_variance missing in checkpoint ./resnet_v2_50_2017_04_14/resnet_v2_50.ckpt
WARNING:tensorflow:Variable depth_map/block4/unit_1/bottleneck_v2/conv3/weights missing in checkpoint ./resnet_v2_50_2017_04_14/resnet_v2_50.ckpt
WARNING:tensorflow:Variable depth_map/block4/unit_1/bottleneck_v2/conv3/biases missing in checkpoint ./resnet_v2_50_2017_04_14/resnet_v2_50.ckpt
WARNING:tensorflow:Variable depth_map/block4/unit_2/bottleneck_v2/preact/gamma missing in checkpoint ./resnet_v2_50_2017_04_14/resnet_v2_50.ckpt
WARNING:tensorflow:Variable depth_map/block4/unit_2/bottleneck_v2/preact/beta missing in checkpoint ./resnet_v2_50_2017_04_14/resnet_v2_50.ckpt
WARNING:tensorflow:Variable depth_map/block4/unit_2/bottleneck_v2/preact/moving_mean missing in checkpoint ./resnet_v2_50_2017_04_14/resnet_v2_50.ckpt
WARNING:tensorflow:Variable depth_map/block4/unit_2/bottleneck_v2/preact/moving_variance missing in checkpoint ./resnet_v2_50_2017_04_14/resnet_v2_50.ckpt
WARNING:tensorflow:Variable depth_map/block4/unit_2/bottleneck_v2/conv1/weights missing in checkpoint ./resnet_v2_50_2017_04_14/resnet_v2_50.ckpt
WARNING:tensorflow:Variable depth_map/block4/unit_2/bottleneck_v2/conv1/BatchNorm/gamma missing in checkpoint ./resnet_v2_50_2017_04_14/resnet_v2_50.ckpt
WARNING:tensorflow:Variable depth_map/block4/unit_2/bottleneck_v2/conv1/BatchNorm/beta missing in checkpoint ./resnet_v2_50_2017_04_14/resnet_v2_50.ckpt
WARNING:tensorflow:Variable depth_map/block4/unit_2/bottleneck_v2/conv1/BatchNorm/moving_mean missing in checkpoint ./resnet_v2_50_2017_04_14/resnet_v2_50.ckpt
WARNING:tensorflow:Variable depth_map/block4/unit_2/bottleneck_v2/conv1/BatchNorm/moving_variance missing in checkpoint ./resnet_v2_50_2017_04_14/resnet_v2_50.ckpt
WARNING:tensorflow:Variable depth_map/block4/unit_2/bottleneck_v2/conv2/weights missing in checkpoint ./resnet_v2_50_2017_04_14/resnet_v2_50.ckpt
WARNING:tensorflow:Variable depth_map/block4/unit_2/bottleneck_v2/conv2/BatchNorm/gamma missing in checkpoint ./resnet_v2_50_2017_04_14/resnet_v2_50.ckpt
WARNING:tensorflow:Variable depth_map/block4/unit_2/bottleneck_v2/conv2/BatchNorm/beta missing in checkpoint ./resnet_v2_50_2017_04_14/resnet_v2_50.ckpt
WARNING:tensorflow:Variable depth_map/block4/unit_2/bottleneck_v2/conv2/BatchNorm/moving_mean missing in checkpoint ./resnet_v2_50_2017_04_14/resnet_v2_50.ckpt
WARNING:tensorflow:Variable depth_map/block4/unit_2/bottleneck_v2/conv2/BatchNorm/moving_variance missing in checkpoint ./resnet_v2_50_2017_04_14/resnet_v2_50.ckpt
WARNING:tensorflow:Variable depth_map/block4/unit_2/bottleneck_v2/conv3/weights missing in checkpoint ./resnet_v2_50_2017_04_14/resnet_v2_50.ckpt
WARNING:tensorflow:Variable depth_map/block4/unit_2/bottleneck_v2/conv3/biases missing in checkpoint ./resnet_v2_50_2017_04_14/resnet_v2_50.ckpt
WARNING:tensorflow:Variable depth_map/block4/unit_3/bottleneck_v2/preact/gamma missing in checkpoint ./resnet_v2_50_2017_04_14/resnet_v2_50.ckpt
WARNING:tensorflow:Variable depth_map/block4/unit_3/bottleneck_v2/preact/beta missing in checkpoint ./resnet_v2_50_2017_04_14/resnet_v2_50.ckpt
WARNING:tensorflow:Variable depth_map/block4/unit_3/bottleneck_v2/preact/moving_mean missing in checkpoint ./resnet_v2_50_2017_04_14/resnet_v2_50.ckpt
WARNING:tensorflow:Variable depth_map/block4/unit_3/bottleneck_v2/preact/moving_variance missing in checkpoint ./resnet_v2_50_2017_04_14/resnet_v2_50.ckpt
WARNING:tensorflow:Variable depth_map/block4/unit_3/bottleneck_v2/conv1/weights missing in checkpoint ./resnet_v2_50_2017_04_14/resnet_v2_50.ckpt
WARNING:tensorflow:Variable depth_map/block4/unit_3/bottleneck_v2/conv1/BatchNorm/gamma missing in checkpoint ./resnet_v2_50_2017_04_14/resnet_v2_50.ckpt
WARNING:tensorflow:Variable depth_map/block4/unit_3/bottleneck_v2/conv1/BatchNorm/beta missing in checkpoint ./resnet_v2_50_2017_04_14/resnet_v2_50.ckpt
WARNING:tensorflow:Variable depth_map/block4/unit_3/bottleneck_v2/conv1/BatchNorm/moving_mean missing in checkpoint ./resnet_v2_50_2017_04_14/resnet_v2_50.ckpt
WARNING:tensorflow:Variable depth_map/block4/unit_3/bottleneck_v2/conv1/BatchNorm/moving_variance missing in checkpoint ./resnet_v2_50_2017_04_14/resnet_v2_50.ckpt
WARNING:tensorflow:Variable depth_map/block4/unit_3/bottleneck_v2/conv2/weights missing in checkpoint ./resnet_v2_50_2017_04_14/resnet_v2_50.ckpt
WARNING:tensorflow:Variable depth_map/block4/unit_3/bottleneck_v2/conv2/BatchNorm/gamma missing in checkpoint ./resnet_v2_50_2017_04_14/resnet_v2_50.ckpt
WARNING:tensorflow:Variable depth_map/block4/unit_3/bottleneck_v2/conv2/BatchNorm/beta missing in checkpoint ./resnet_v2_50_2017_04_14/resnet_v2_50.ckpt
WARNING:tensorflow:Variable depth_map/block4/unit_3/bottleneck_v2/conv2/BatchNorm/moving_mean missing in checkpoint ./resnet_v2_50_2017_04_14/resnet_v2_50.ckpt
WARNING:tensorflow:Variable depth_map/block4/unit_3/bottleneck_v2/conv2/BatchNorm/moving_variance missing in checkpoint ./resnet_v2_50_2017_04_14/resnet_v2_50.ckpt
WARNING:tensorflow:Variable depth_map/block4/unit_3/bottleneck_v2/conv3/weights missing in checkpoint ./resnet_v2_50_2017_04_14/resnet_v2_50.ckpt
WARNING:tensorflow:Variable depth_map/block4/unit_3/bottleneck_v2/conv3/biases missing in checkpoint ./resnet_v2_50_2017_04_14/resnet_v2_50.ckpt
WARNING:tensorflow:Variable depth_map/postnorm/gamma missing in checkpoint ./resnet_v2_50_2017_04_14/resnet_v2_50.ckpt
WARNING:tensorflow:Variable depth_map/postnorm/beta missing in checkpoint ./resnet_v2_50_2017_04_14/resnet_v2_50.ckpt
WARNING:tensorflow:Variable depth_map/postnorm/moving_mean missing in checkpoint ./resnet_v2_50_2017_04_14/resnet_v2_50.ckpt
WARNING:tensorflow:Variable depth_map/postnorm/moving_variance missing in checkpoint ./resnet_v2_50_2017_04_14/resnet_v2_50.ckpt
WARNING:tensorflow:Variable MLPs/mlp1/kernel missing in checkpoint ./resnet_v2_50_2017_04_14/resnet_v2_50.ckpt
WARNING:tensorflow:Variable MLPs/mlp1/bias missing in checkpoint ./resnet_v2_50_2017_04_14/resnet_v2_50.ckpt
WARNING:tensorflow:Variable MLPs/mlp2/kernel missing in checkpoint ./resnet_v2_50_2017_04_14/resnet_v2_50.ckpt
WARNING:tensorflow:Variable MLPs/mlp2/bias missing in checkpoint ./resnet_v2_50_2017_04_14/resnet_v2_50.ckpt
WARNING:tensorflow:Variable MLPs/mlp3/kernel missing in checkpoint ./resnet_v2_50_2017_04_14/resnet_v2_50.ckpt
WARNING:tensorflow:Variable MLPs/mlp3/bias missing in checkpoint ./resnet_v2_50_2017_04_14/resnet_v2_50.ckpt
WARNING:tensorflow:Variable Regressor/rotation/rot/kernel missing in checkpoint ./resnet_v2_50_2017_04_14/resnet_v2_50.ckpt
WARNING:tensorflow:Variable Regressor/rotation/rot/bias missing in checkpoint ./resnet_v2_50_2017_04_14/resnet_v2_50.ckpt
WARNING:tensorflow:Variable Regressor/translate/trans/kernel missing in checkpoint ./resnet_v2_50_2017_04_14/resnet_v2_50.ckpt
WARNING:tensorflow:Variable Regressor/translate/trans/bias missing in checkpoint ./resnet_v2_50_2017_04_14/resnet_v2_50.ckpt
INFO:tensorflow:[Restoring weights] 550 variables will be restored from ./resnet_v2_50_2017_04_14/resnet_v2_50.ckpt
INFO:tensorflow:[Cosine Restart] Defining Optimizer ...
WARNING:tensorflow:From /root/rggnet/training/models/rggnet_novae_model.py:72: The name tf.train.cosine_decay_restarts is deprecated. Please use tf.compat.v1.train.cosine_decay_restarts instead.

WARNING:tensorflow:From /root/rggnet/training/models/rggnet_novae_model.py:78: The name tf.summary.scalar is deprecated. Please use tf.compat.v1.summary.scalar instead.

WARNING:tensorflow:From /root/rggnet/training/models/rggnet_novae_model.py:79: The name tf.get_collection is deprecated. Please use tf.compat.v1.get_collection instead.

WARNING:tensorflow:From /root/rggnet/training/models/rggnet_novae_model.py:79: The name tf.GraphKeys is deprecated. Please use tf.compat.v1.GraphKeys instead.

WARNING:tensorflow:From /root/rggnet/training/models/rggnet_novae_model.py:80: The name tf.train.AdamOptimizer is deprecated. Please use tf.compat.v1.train.AdamOptimizer instead.

INFO:tensorflow:[Optimizing Var List] Optimizing all variables
WARNING:tensorflow:From /usr/local/lib/python3.7/dist-packages/tensorflow/python/ops/math_grad.py:1205: add_dispatch_support.<locals>.wrapper (from tensorflow.python.ops.array_ops) is deprecated and will be removed in a future version.
Instructions for updating:
Use tf.where in 2.0, which has the same broadcast rule as np.where
INFO:tensorflow:[BaseCompute] Graph constructed!
INFO:tensorflow:OpenCV Version: 4.7.0
INFO:tensorflow:Tensorflow Version: 1.14.0
INFO:tensorflow:[Stop Condition] Training will stop either epoch == 50 or validation error decrease < -0.05
WARNING:tensorflow:From /root/rggnet/training/utils/tfrecords.py:94: The name tf.data.Iterator is deprecated. Please use tf.compat.v1.data.Iterator instead.

WARNING:tensorflow:From /root/rggnet/training/utils/tfrecords.py:94: DatasetV1.output_types (from tensorflow.python.data.ops.dataset_ops) is deprecated and will be removed in a future version.
Instructions for updating:
Use `tf.compat.v1.data.get_output_types(dataset)`.
WARNING:tensorflow:From /root/rggnet/training/utils/tfrecords.py:94: DatasetV1.output_shapes (from tensorflow.python.data.ops.dataset_ops) is deprecated and will be removed in a future version.
Instructions for updating:
Use `tf.compat.v1.data.get_output_shapes(dataset)`.
WARNING:tensorflow:From /usr/local/lib/python3.7/dist-packages/tensorflow/python/data/ops/iterator_ops.py:348: Iterator.output_types (from tensorflow.python.data.ops.iterator_ops) is deprecated and will be removed in a future version.
Instructions for updating:
Use `tf.compat.v1.data.get_output_types(iterator)`.
WARNING:tensorflow:From /usr/local/lib/python3.7/dist-packages/tensorflow/python/data/ops/iterator_ops.py:349: Iterator.output_shapes (from tensorflow.python.data.ops.iterator_ops) is deprecated and will be removed in a future version.
Instructions for updating:
Use `tf.compat.v1.data.get_output_shapes(iterator)`.
WARNING:tensorflow:From /usr/local/lib/python3.7/dist-packages/tensorflow/python/data/ops/iterator_ops.py:351: Iterator.output_classes (from tensorflow.python.data.ops.iterator_ops) is deprecated and will be removed in a future version.
Instructions for updating:
Use `tf.compat.v1.data.get_output_classes(iterator)`.
--- Logging error ---
Traceback (most recent call last):
  File "/usr/lib/python3.7/logging/__init__.py", line 1025, in emit
    msg = self.format(record)
  File "/usr/lib/python3.7/logging/__init__.py", line 869, in format
    return fmt.format(record)
  File "/usr/lib/python3.7/logging/__init__.py", line 608, in format
    record.message = record.getMessage()
  File "/usr/lib/python3.7/logging/__init__.py", line 369, in getMessage
    msg = msg % self.args
TypeError: not all arguments converted during string formatting
Call stack:
  File "/usr/lib/python3.7/runpy.py", line 193, in _run_module_as_main
    "__main__", mod_spec)
  File "/usr/lib/python3.7/runpy.py", line 85, in _run_code
    exec(code, run_globals)
  File "/root/rggnet/training/train_start_rggnet_novae.py", line 7, in <module>
    training_app.run(os.path.join('../config', config_file))
  File "/root/rggnet/training/apps/rggnet_novae_training.py", line 29, in run
    trainer.train(data_generator=data_generator, restore_graph_fns=compute_model.restore_graph_fns)
  File "/root/rggnet/training/core/base_trainer.py", line 230, in train
    self.logger.info('Opening a session and training started ...', restore_graph_fns)
  File "/usr/local/lib/python3.7/dist-packages/tensorflow/python/platform/tf_logging.py", line 156, in info
    get_logger().info(msg, *args, **kwargs)
Message: 'Opening a session and training started ...'
Arguments: ([<function assign_from_checkpoint_fn.<locals>.callback at 0x7fee73db95f0>],)
INFO:tensorflow:restore_graph_fns: [<function assign_from_checkpoint_fn.<locals>.callback at 0x7fee73db95f0>]
INFO:tensorflow:Assign params to target tensor ...
WARNING:tensorflow:From /usr/local/lib/python3.7/dist-packages/tensorflow/python/training/saver.py:1276: checkpoint_exists (from tensorflow.python.training.checkpoint_management) is deprecated and will be removed in a future version.
Instructions for updating:
Use standard file APIs to check for files with this prefix.
INFO:tensorflow:Restoring parameters from ./resnet_v2_50_2017_04_14/resnet_v2_50.ckpt
WARNING:tensorflow:From /root/rggnet/training/core/base_trainer.py:220: The name tf.train.Saver is deprecated. Please use tf.compat.v1.train.Saver instead.

WARNING:tensorflow:From /root/rggnet/training/core/base_trainer.py:221: The name tf.summary.merge_all is deprecated. Please use tf.compat.v1.summary.merge_all instead.

WARNING:tensorflow:From /root/rggnet/training/core/base_trainer.py:224: The name tf.summary.FileWriter is deprecated. Please use tf.compat.v1.summary.FileWriter instead.

INFO:tensorflow:Graph size at beginning of epoch : 8885699
INFO:tensorflow:0 / 50 th epoch, training ...
WARNING:tensorflow:From /root/rggnet/training/core/base_trainer.py:166: The name tf.logging.warn is deprecated. Please use tf.compat.v1.logging.warn instead.

WARNING:tensorflow:End of data .
INFO:tensorflow:[0 th epoch] Average train loss: 0.3068981302472261
INFO:tensorflow:Snapshot of 0 th epoch is saved to ./save/rggnet_novae_50/1679379005.712026/eps_0_
INFO:tensorflow:1 / 50 th epoch, training ...
WARNING:tensorflow:End of data .
INFO:tensorflow:[1 th epoch] Average train loss: 0.11204169821608198
WARNING:tensorflow:End of data .
INFO:tensorflow:[1 th epoch]: saving the best model to ./save/rggnet_novae_50/1679379005.712026/best
INFO:tensorflow:[1 th epoch]: Average validation loss: 0.07913609512961738
INFO:tensorflow:Snapshot of 1 th epoch is saved to ./save/rggnet_novae_50/1679379005.712026/eps_1_
INFO:tensorflow:2 / 50 th epoch, training ...
WARNING:tensorflow:End of data .
INFO:tensorflow:[2 th epoch] Average train loss: 0.127392589562125
WARNING:tensorflow:End of data .
INFO:tensorflow:[2 th epoch]: saving the best model to ./save/rggnet_novae_50/1679379005.712026/best
INFO:tensorflow:[2 th epoch]: Average validation loss: 0.07511023302922154
INFO:tensorflow:Snapshot of 2 th epoch is saved to ./save/rggnet_novae_50/1679379005.712026/eps_2_
INFO:tensorflow:3 / 50 th epoch, training ...
WARNING:tensorflow:End of data .
INFO:tensorflow:[3 th epoch] Average train loss: 0.10302445163706561
WARNING:tensorflow:End of data .
INFO:tensorflow:[3 th epoch]: Average validation loss: 0.07845723422447054
INFO:tensorflow:Snapshot of 3 th epoch is saved to ./save/rggnet_novae_50/1679379005.712026/eps_3_
INFO:tensorflow:4 / 50 th epoch, training ...
WARNING:tensorflow:End of data .
INFO:tensorflow:[4 th epoch] Average train loss: 0.0969092809631453
WARNING:tensorflow:End of data .
INFO:tensorflow:[4 th epoch]: saving the best model to ./save/rggnet_novae_50/1679379005.712026/best
INFO:tensorflow:[4 th epoch]: Average validation loss: 0.07495786190623104
INFO:tensorflow:Snapshot of 4 th epoch is saved to ./save/rggnet_novae_50/1679379005.712026/eps_4_
INFO:tensorflow:5 / 50 th epoch, training ...
WARNING:tensorflow:End of data .
INFO:tensorflow:[5 th epoch] Average train loss: 0.09297082191528556
WARNING:tensorflow:End of data .
INFO:tensorflow:[5 th epoch]: Average validation loss: 0.07588438745034803
INFO:tensorflow:Snapshot of 5 th epoch is saved to ./save/rggnet_novae_50/1679379005.712026/eps_5_
INFO:tensorflow:6 / 50 th epoch, training ...
WARNING:tensorflow:End of data .
INFO:tensorflow:[6 th epoch] Average train loss: 0.10334309519312301
WARNING:tensorflow:End of data .
INFO:tensorflow:[6 th epoch]: Average validation loss: 0.08101541139554269
INFO:tensorflow:Snapshot of 6 th epoch is saved to ./save/rggnet_novae_50/1679379005.712026/eps_6_
INFO:tensorflow:7 / 50 th epoch, training ...
WARNING:tensorflow:End of data .
INFO:tensorflow:[7 th epoch] Average train loss: 0.08973218473632794
WARNING:tensorflow:End of data .
INFO:tensorflow:[7 th epoch]: Average validation loss: 0.0759627504809068
INFO:tensorflow:Snapshot of 7 th epoch is saved to ./save/rggnet_novae_50/1679379005.712026/eps_7_
INFO:tensorflow:8 / 50 th epoch, training ...
WARNING:tensorflow:End of data .
INFO:tensorflow:[8 th epoch] Average train loss: 0.08207952836109744
WARNING:tensorflow:End of data .
INFO:tensorflow:[8 th epoch]: Average validation loss: 0.0794745543510607
INFO:tensorflow:Snapshot of 8 th epoch is saved to ./save/rggnet_novae_50/1679379005.712026/eps_8_
INFO:tensorflow:9 / 50 th epoch, training ...
WARNING:tensorflow:End of data .
INFO:tensorflow:[9 th epoch] Average train loss: 0.07930023564615628
WARNING:tensorflow:End of data .
INFO:tensorflow:[9 th epoch]: Average validation loss: 0.09397697666346437
INFO:tensorflow:Snapshot of 9 th epoch is saved to ./save/rggnet_novae_50/1679379005.712026/eps_9_
INFO:tensorflow:10 / 50 th epoch, training ...
WARNING:tensorflow:End of data .
INFO:tensorflow:[10 th epoch] Average train loss: 0.07571469611868813
WARNING:tensorflow:End of data .
INFO:tensorflow:[10 th epoch]: saving the best model to ./save/rggnet_novae_50/1679379005.712026/best
INFO:tensorflow:[10 th epoch]: Average validation loss: 0.06120255220644545
INFO:tensorflow:Snapshot of 10 th epoch is saved to ./save/rggnet_novae_50/1679379005.712026/eps_10_
INFO:tensorflow:11 / 50 th epoch, training ...
WARNING:tensorflow:End of data .
INFO:tensorflow:[11 th epoch] Average train loss: 0.07208878161305642
WARNING:tensorflow:End of data .
INFO:tensorflow:[11 th epoch]: Average validation loss: 0.07327239366598648
INFO:tensorflow:Snapshot of 11 th epoch is saved to ./save/rggnet_novae_50/1679379005.712026/eps_11_
INFO:tensorflow:12 / 50 th epoch, training ...
WARNING:tensorflow:End of data .
INFO:tensorflow:[12 th epoch] Average train loss: 0.06879833949865638
WARNING:tensorflow:End of data .
INFO:tensorflow:[12 th epoch]: Average validation loss: 0.11266102090404176
INFO:tensorflow:Snapshot of 12 th epoch is saved to ./save/rggnet_novae_50/1679379005.712026/eps_12_
INFO:tensorflow:13 / 50 th epoch, training ...
WARNING:tensorflow:End of data .
INFO:tensorflow:[13 th epoch] Average train loss: 0.0662701496357595
WARNING:tensorflow:End of data .
INFO:tensorflow:[13 th epoch]: Average validation loss: 0.09835246380529192
INFO:tensorflow:Snapshot of 13 th epoch is saved to ./save/rggnet_novae_50/1679379005.712026/eps_13_
INFO:tensorflow:14 / 50 th epoch, training ...
WARNING:tensorflow:End of data .
INFO:tensorflow:[14 th epoch] Average train loss: 0.08295147267954571
WARNING:tensorflow:End of data .
INFO:tensorflow:[14 th epoch]: Average validation loss: 0.06266438142202868
INFO:tensorflow:Snapshot of 14 th epoch is saved to ./save/rggnet_novae_50/1679379005.712026/eps_14_
INFO:tensorflow:15 / 50 th epoch, training ...
WARNING:tensorflow:End of data .
INFO:tensorflow:[15 th epoch] Average train loss: 0.07606376019156688
WARNING:tensorflow:End of data .
INFO:tensorflow:[15 th epoch]: Average validation loss: 0.25992086360065064
INFO:tensorflow:Snapshot of 15 th epoch is saved to ./save/rggnet_novae_50/1679379005.712026/eps_15_
INFO:tensorflow:16 / 50 th epoch, training ...
WARNING:tensorflow:End of data .
INFO:tensorflow:[16 th epoch] Average train loss: 0.07222235770607656
WARNING:tensorflow:End of data .
INFO:tensorflow:[16 th epoch]: Average validation loss: 0.0638284357910109
INFO:tensorflow:Snapshot of 16 th epoch is saved to ./save/rggnet_novae_50/1679379005.712026/eps_16_
INFO:tensorflow:17 / 50 th epoch, training ...
WARNING:tensorflow:End of data .
INFO:tensorflow:[17 th epoch] Average train loss: 0.07072665995185996
WARNING:tensorflow:End of data .
INFO:tensorflow:[17 th epoch]: saving the best model to ./save/rggnet_novae_50/1679379005.712026/best
INFO:tensorflow:[17 th epoch]: Average validation loss: 0.05949952766889393
INFO:tensorflow:Snapshot of 17 th epoch is saved to ./save/rggnet_novae_50/1679379005.712026/eps_17_
INFO:tensorflow:18 / 50 th epoch, training ...
WARNING:tensorflow:End of data .
INFO:tensorflow:[18 th epoch] Average train loss: 0.06911225517193874
WARNING:tensorflow:End of data .
INFO:tensorflow:[18 th epoch]: Average validation loss: 0.0684399670819835
INFO:tensorflow:Snapshot of 18 th epoch is saved to ./save/rggnet_novae_50/1679379005.712026/eps_18_
INFO:tensorflow:19 / 50 th epoch, training ...
WARNING:tensorflow:End of data .
INFO:tensorflow:[19 th epoch] Average train loss: 0.06697502451205438
WARNING:tensorflow:End of data .
INFO:tensorflow:[19 th epoch]: Average validation loss: 0.06156212703721358
INFO:tensorflow:Snapshot of 19 th epoch is saved to ./save/rggnet_novae_50/1679379005.712026/eps_19_
INFO:tensorflow:20 / 50 th epoch, training ...
WARNING:tensorflow:End of data .
INFO:tensorflow:[20 th epoch] Average train loss: 0.06556508848936735
WARNING:tensorflow:End of data .
INFO:tensorflow:[20 th epoch]: Average validation loss: 0.06041269581580516
INFO:tensorflow:Snapshot of 20 th epoch is saved to ./save/rggnet_novae_50/1679379005.712026/eps_20_
INFO:tensorflow:21 / 50 th epoch, training ...
WARNING:tensorflow:End of data .
INFO:tensorflow:[21 th epoch] Average train loss: 0.06450936472514174
WARNING:tensorflow:End of data .
INFO:tensorflow:[21 th epoch]: Average validation loss: 0.06420065855404528
INFO:tensorflow:Snapshot of 21 th epoch is saved to ./save/rggnet_novae_50/1679379005.712026/eps_21_
INFO:tensorflow:22 / 50 th epoch, training ...
WARNING:tensorflow:End of data .
INFO:tensorflow:[22 th epoch] Average train loss: 0.06314332713721903
WARNING:tensorflow:End of data .
INFO:tensorflow:[22 th epoch]: saving the best model to ./save/rggnet_novae_50/1679379005.712026/best
INFO:tensorflow:[22 th epoch]: Average validation loss: 0.05909969056449314
INFO:tensorflow:Snapshot of 22 th epoch is saved to ./save/rggnet_novae_50/1679379005.712026/eps_22_
INFO:tensorflow:23 / 50 th epoch, training ...
WARNING:tensorflow:End of data .
INFO:tensorflow:[23 th epoch] Average train loss: 0.06165618659252976
WARNING:tensorflow:End of data .
INFO:tensorflow:[23 th epoch]: Average validation loss: 0.061599992123423236
INFO:tensorflow:Snapshot of 23 th epoch is saved to ./save/rggnet_novae_50/1679379005.712026/eps_23_
INFO:tensorflow:24 / 50 th epoch, training ...
WARNING:tensorflow:End of data .
INFO:tensorflow:[24 th epoch] Average train loss: 0.05987928208423319
WARNING:tensorflow:End of data .
INFO:tensorflow:[24 th epoch]: saving the best model to ./save/rggnet_novae_50/1679379005.712026/best
INFO:tensorflow:[24 th epoch]: Average validation loss: 0.057464486375303554
INFO:tensorflow:Snapshot of 24 th epoch is saved to ./save/rggnet_novae_50/1679379005.712026/eps_24_
INFO:tensorflow:25 / 50 th epoch, training ...
WARNING:tensorflow:End of data .
INFO:tensorflow:[25 th epoch] Average train loss: 0.0574829862746117
WARNING:tensorflow:End of data .
INFO:tensorflow:[25 th epoch]: Average validation loss: 0.061321201356183186
INFO:tensorflow:Snapshot of 25 th epoch is saved to ./save/rggnet_novae_50/1679379005.712026/eps_25_
INFO:tensorflow:26 / 50 th epoch, training ...
WARNING:tensorflow:End of data .
INFO:tensorflow:[26 th epoch] Average train loss: 0.054055316697017144
WARNING:tensorflow:End of data .
INFO:tensorflow:[26 th epoch]: Average validation loss: 0.06470677898366853
INFO:tensorflow:Snapshot of 26 th epoch is saved to ./save/rggnet_novae_50/1679379005.712026/eps_26_
INFO:tensorflow:27 / 50 th epoch, training ...
WARNING:tensorflow:End of data .
INFO:tensorflow:[27 th epoch] Average train loss: 0.0510309516749048
WARNING:tensorflow:End of data .
INFO:tensorflow:[27 th epoch]: Average validation loss: 0.07010359217477317
INFO:tensorflow:Snapshot of 27 th epoch is saved to ./save/rggnet_novae_50/1679379005.712026/eps_27_
INFO:tensorflow:28 / 50 th epoch, training ...
WARNING:tensorflow:End of data .
INFO:tensorflow:[28 th epoch] Average train loss: 0.048986958546357436
WARNING:tensorflow:End of data .
INFO:tensorflow:[28 th epoch]: Average validation loss: 0.07113434058973694
INFO:tensorflow:Snapshot of 28 th epoch is saved to ./save/rggnet_novae_50/1679379005.712026/eps_28_
INFO:tensorflow:29 / 50 th epoch, training ...
WARNING:tensorflow:End of data .
INFO:tensorflow:[29 th epoch] Average train loss: 0.04821319886567918
WARNING:tensorflow:End of data .
INFO:tensorflow:[29 th epoch]: Average validation loss: 0.07122173116053684
INFO:tensorflow:Snapshot of 29 th epoch is saved to ./save/rggnet_novae_50/1679379005.712026/eps_29_
INFO:tensorflow:30 / 50 th epoch, training ...
WARNING:tensorflow:End of data .
INFO:tensorflow:[30 th epoch] Average train loss: 0.061635671735189475
WARNING:tensorflow:End of data .
INFO:tensorflow:[30 th epoch]: Average validation loss: 0.06195859120476364
INFO:tensorflow:Snapshot of 30 th epoch is saved to ./save/rggnet_novae_50/1679379005.712026/eps_30_
INFO:tensorflow:31 / 50 th epoch, training ...
WARNING:tensorflow:End of data .
INFO:tensorflow:[31 th epoch] Average train loss: 0.05957225109818024
WARNING:tensorflow:End of data .
INFO:tensorflow:[31 th epoch]: Average validation loss: 0.05888707216570873
INFO:tensorflow:Snapshot of 31 th epoch is saved to ./save/rggnet_novae_50/1679379005.712026/eps_31_
INFO:tensorflow:32 / 50 th epoch, training ...
WARNING:tensorflow:End of data .
INFO:tensorflow:[32 th epoch] Average train loss: 0.058543771771448
WARNING:tensorflow:End of data .
INFO:tensorflow:[32 th epoch]: Average validation loss: 0.06257875584582291
INFO:tensorflow:Snapshot of 32 th epoch is saved to ./save/rggnet_novae_50/1679379005.712026/eps_32_
INFO:tensorflow:33 / 50 th epoch, training ...
WARNING:tensorflow:End of data .
INFO:tensorflow:[33 th epoch] Average train loss: 0.05735588104759048
WARNING:tensorflow:End of data .
INFO:tensorflow:[33 th epoch]: Average validation loss: 0.06676483832963623
INFO:tensorflow:Snapshot of 33 th epoch is saved to ./save/rggnet_novae_50/1679379005.712026/eps_33_
INFO:tensorflow:34 / 50 th epoch, training ...
WARNING:tensorflow:End of data .
INFO:tensorflow:[34 th epoch] Average train loss: 0.05261257452170153
WARNING:tensorflow:End of data .
INFO:tensorflow:[34 th epoch]: Average validation loss: 0.06173437225198982
INFO:tensorflow:Snapshot of 34 th epoch is saved to ./save/rggnet_novae_50/1679379005.712026/eps_34_
INFO:tensorflow:35 / 50 th epoch, training ...
WARNING:tensorflow:End of data .
INFO:tensorflow:[35 th epoch] Average train loss: 0.049304529805886343
WARNING:tensorflow:End of data .
INFO:tensorflow:[35 th epoch]: Average validation loss: 0.06524793916188254
INFO:tensorflow:Snapshot of 35 th epoch is saved to ./save/rggnet_novae_50/1679379005.712026/eps_35_
INFO:tensorflow:36 / 50 th epoch, training ...
WARNING:tensorflow:End of data .
INFO:tensorflow:[36 th epoch] Average train loss: 0.0458440125048101
WARNING:tensorflow:End of data .
INFO:tensorflow:[36 th epoch]: Average validation loss: 0.06731045981961312
INFO:tensorflow:Snapshot of 36 th epoch is saved to ./save/rggnet_novae_50/1679379005.712026/eps_36_
INFO:tensorflow:37 / 50 th epoch, training ...
WARNING:tensorflow:End of data .
INFO:tensorflow:[37 th epoch] Average train loss: 0.04337272726019824
WARNING:tensorflow:End of data .
INFO:tensorflow:[37 th epoch]: Average validation loss: 0.07134252760817508
INFO:tensorflow:Snapshot of 37 th epoch is saved to ./save/rggnet_novae_50/1679379005.712026/eps_37_
INFO:tensorflow:38 / 50 th epoch, training ...
WARNING:tensorflow:End of data .
INFO:tensorflow:[38 th epoch] Average train loss: 0.04082405516602374
WARNING:tensorflow:End of data .
INFO:tensorflow:[38 th epoch]: Average validation loss: 0.062159864361038306
INFO:tensorflow:Snapshot of 38 th epoch is saved to ./save/rggnet_novae_50/1679379005.712026/eps_38_
INFO:tensorflow:39 / 50 th epoch, training ...
WARNING:tensorflow:End of data .
INFO:tensorflow:[39 th epoch] Average train loss: 0.03886397092507317
WARNING:tensorflow:End of data .
INFO:tensorflow:[39 th epoch]: Average validation loss: 0.0709194892851433
INFO:tensorflow:Snapshot of 39 th epoch is saved to ./save/rggnet_novae_50/1679379005.712026/eps_39_
INFO:tensorflow:40 / 50 th epoch, training ...
WARNING:tensorflow:End of data .
INFO:tensorflow:[40 th epoch] Average train loss: 0.03634737592914349
WARNING:tensorflow:End of data .
INFO:tensorflow:[40 th epoch]: Average validation loss: 0.06541583913904016
INFO:tensorflow:Snapshot of 40 th epoch is saved to ./save/rggnet_novae_50/1679379005.712026/eps_40_
INFO:tensorflow:41 / 50 th epoch, training ...
WARNING:tensorflow:End of data .
INFO:tensorflow:[41 th epoch] Average train loss: 0.03465337606219502
WARNING:tensorflow:End of data .
INFO:tensorflow:[41 th epoch]: Average validation loss: 0.07361825079758569
INFO:tensorflow:Snapshot of 41 th epoch is saved to ./save/rggnet_novae_50/1679379005.712026/eps_41_
INFO:tensorflow:42 / 50 th epoch, training ...
WARNING:tensorflow:End of data .
INFO:tensorflow:[42 th epoch] Average train loss: 0.03229980400440606
WARNING:tensorflow:End of data .
INFO:tensorflow:[42 th epoch]: Average validation loss: 0.06391924031373888
INFO:tensorflow:Snapshot of 42 th epoch is saved to ./save/rggnet_novae_50/1679379005.712026/eps_42_
INFO:tensorflow:43 / 50 th epoch, training ...
WARNING:tensorflow:End of data .
INFO:tensorflow:[43 th epoch] Average train loss: 0.02949268232750056
WARNING:tensorflow:End of data .
INFO:tensorflow:[43 th epoch]: Average validation loss: 0.06464330365162084
INFO:tensorflow:Snapshot of 43 th epoch is saved to ./save/rggnet_novae_50/1679379005.712026/eps_43_
INFO:tensorflow:44 / 50 th epoch, training ...
WARNING:tensorflow:End of data .
INFO:tensorflow:[44 th epoch] Average train loss: 0.025730744080309134
WARNING:tensorflow:End of data .
INFO:tensorflow:[44 th epoch]: Average validation loss: 0.07042770445494369
INFO:tensorflow:Snapshot of 44 th epoch is saved to ./save/rggnet_novae_50/1679379005.712026/eps_44_
INFO:tensorflow:45 / 50 th epoch, training ...
WARNING:tensorflow:End of data .
INFO:tensorflow:[45 th epoch] Average train loss: 0.021484522526706015
WARNING:tensorflow:End of data .
INFO:tensorflow:[45 th epoch]: Average validation loss: 0.07332283678916421
INFO:tensorflow:Snapshot of 45 th epoch is saved to ./save/rggnet_novae_50/1679379005.712026/eps_45_
INFO:tensorflow:46 / 50 th epoch, training ...
WARNING:tensorflow:End of data .
INFO:tensorflow:[46 th epoch] Average train loss: 0.017755259913704045
WARNING:tensorflow:End of data .
INFO:tensorflow:[46 th epoch]: Average validation loss: 0.07839129105357841
INFO:tensorflow:Snapshot of 46 th epoch is saved to ./save/rggnet_novae_50/1679379005.712026/eps_46_
INFO:tensorflow:47 / 50 th epoch, training ...
WARNING:tensorflow:End of data .
INFO:tensorflow:[47 th epoch] Average train loss: 0.014754011525542706
WARNING:tensorflow:End of data .
INFO:tensorflow:[47 th epoch]: Average validation loss: 0.07415695541934801
INFO:tensorflow:Snapshot of 47 th epoch is saved to ./save/rggnet_novae_50/1679379005.712026/eps_47_
INFO:tensorflow:48 / 50 th epoch, training ...
WARNING:tensorflow:End of data .
INFO:tensorflow:[48 th epoch] Average train loss: 0.012508409368302244
WARNING:tensorflow:End of data .
INFO:tensorflow:[48 th epoch]: Average validation loss: 0.08111851374701698
INFO:tensorflow:Snapshot of 48 th epoch is saved to ./save/rggnet_novae_50/1679379005.712026/eps_48_
INFO:tensorflow:49 / 50 th epoch, training ...
WARNING:tensorflow:End of data .
INFO:tensorflow:[49 th epoch] Average train loss: 0.010808794708042354
WARNING:tensorflow:End of data .
INFO:tensorflow:[49 th epoch]: Average validation loss: 0.0729878594969759
INFO:tensorflow:Snapshot of 49 th epoch is saved to ./save/rggnet_novae_50/1679379005.712026/eps_49_
INFO:tensorflow:Training ended and model file is in here: ./save/rggnet_novae_50/1679379005.712026/
Forward ===============================================Start
    [Pre_Process_Pool] Tensor("rggnet_novae/x_dm_ft:0", shape=(?, 375, 1242, 2), dtype=float32) --> Tensor("rggnet_novae/Pre_Process_Pool/AvgPool:0", shape=(?, 187, 621, 2), dtype=float32)
    [Pre_Process_Pool] Tensor("rggnet_novae/pre_process/cond/Merge:0", shape=(?, 375, 1242, 3), dtype=float32) --> Tensor("rggnet_novae/Pre_Process_Pool/AvgPool_1:0", shape=(?, 187, 621, 3), dtype=float32)
    [Feature DM ]:                              Tensor("rggnet_novae/Forward/Feature_Extraction/depth_map/pool5:0", shape=(?, 1, 1, 2048), dtype=float32)
    [Feature CAM]:                              Tensor("rggnet_novae/Forward/Feature_Extraction/resnet_v2_50/pool5:0", shape=(?, 1, 1, 2048), dtype=float32)
    [Feature Concat]:                            Tensor("rggnet_novae/Forward/Feature_Extraction/resnet_v2_50/pool5:0", shape=(?, 1, 1, 2048), dtype=float32)
    [Flattened ]:                             Tensor("rggnet_novae/Forward/Fuse/flatten/Reshape:0", shape=(?, 4096), dtype=float32)
    [MLPs ]:                              Tensor("rggnet_novae/Forward/MLPs/dropout_2/cond/Merge:0", shape=(?, 512), dtype=float32)
    [y_hat_se3param]:                              Tensor("rggnet_novae/Forward/Regressor/y_hat_se3param:0", shape=(?, 6), dtype=float32)
Forward ===============================================End
Loss ===============================================Start
    [SE3 Loss]           ##################################
    [y_hat_se3param]           Tensor("rggnet_novae/Forward/Regressor/y_hat_se3param:0", shape=(?, 6), dtype=float32)
    [y_se3param    ]           Tensor("rggnet_novae/Placeholders/y_se3param:0", shape=(?, 6), dtype=float32)
    [se3_pred     ]           Tensor("Loss/SE3_Loss/Reshape:0", shape=(4, 6), dtype=float32)
    [se3_true     ]           Tensor("Loss/SE3_Loss/Reshape_1:0", shape=(4, 6), dtype=float32)
[BaseCompute] Define restore graph fns ...
Pretrained-Weights:  [{'load': True, 'model_dir': './resnet_v2_50_2017_04_14/resnet_v2_50.ckpt', 'excluded_tensor_names': [], 'included_tensor_names': []}]
!@#!@#!@#!@# Restore graph fn:  <function assign_from_checkpoint_fn.<locals>.callback at 0x7fee73db95f0> None
Restored Graph Fns:  [<function assign_from_checkpoint_fn.<locals>.callback at 0x7fee73db95f0>]
./save/rggnet_novae_50/1679379005.712026/ does not exits, creating one.
Scanning data ....
Scanned 30 data in total!
Scanning data ....
Scanned 10 data in total!
Scanning data ....
Scanned 10 data in total!
Loading training tfrecords: ['/root/kitti-train//3.tfrecord', '/root/kitti-train//0.tfrecord', '/root/kitti-train//4.tfrecord', '/root/kitti-train//9.tfrecord', '/root/kitti-train//5.tfrecord', '/root/kitti-train//1.tfrecord', '/root/kitti-train//8.tfrecord', '/root/kitti-train//7.tfrecord', '/root/kitti-train//2.tfrecord', '/root/kitti-train//6.tfrecord', '/root/kitti-train/rot/3.tfrecord', '/root/kitti-train/rot/0.tfrecord', '/root/kitti-train/rot/4.tfrecord', '/root/kitti-train/rot/9.tfrecord', '/root/kitti-train/rot/5.tfrecord', '/root/kitti-train/rot/1.tfrecord', '/root/kitti-train/rot/8.tfrecord', '/root/kitti-train/rot/7.tfrecord', '/root/kitti-train/rot/2.tfrecord', '/root/kitti-train/rot/6.tfrecord', '/root/kitti-train/trans/3.tfrecord', '/root/kitti-train/trans/0.tfrecord', '/root/kitti-train/trans/4.tfrecord', '/root/kitti-train/trans/9.tfrecord', '/root/kitti-train/trans/5.tfrecord', '/root/kitti-train/trans/1.tfrecord', '/root/kitti-train/trans/8.tfrecord', '/root/kitti-train/trans/7.tfrecord', '/root/kitti-train/trans/2.tfrecord', '/root/kitti-train/trans/6.tfrecord', '/root/kitti-train/trans//3.tfrecord', '/root/kitti-train/trans//0.tfrecord', '/root/kitti-train/trans//4.tfrecord', '/root/kitti-train/trans//9.tfrecord', '/root/kitti-train/trans//5.tfrecord', '/root/kitti-train/trans//1.tfrecord', '/root/kitti-train/trans//8.tfrecord', '/root/kitti-train/trans//7.tfrecord', '/root/kitti-train/trans//2.tfrecord', '/root/kitti-train/trans//6.tfrecord', '/root/kitti-train/rot//3.tfrecord', '/root/kitti-train/rot//0.tfrecord', '/root/kitti-train/rot//4.tfrecord', '/root/kitti-train/rot//9.tfrecord', '/root/kitti-train/rot//5.tfrecord', '/root/kitti-train/rot//1.tfrecord', '/root/kitti-train/rot//8.tfrecord', '/root/kitti-train/rot//7.tfrecord', '/root/kitti-train/rot//2.tfrecord', '/root/kitti-train/rot//6.tfrecord']
Scanning data ....
Scanned 10 data in total!
Scanning data ....
Scanned 10 data in total!
Loading testing tfrecords: ['/root/kitti-raw/test_stereo/T1//3.tfrecord', '/root/kitti-raw/test_stereo/T1//0.tfrecord', '/root/kitti-raw/test_stereo/T1//4.tfrecord', '/root/kitti-raw/test_stereo/T1//9.tfrecord', '/root/kitti-raw/test_stereo/T1//5.tfrecord', '/root/kitti-raw/test_stereo/T1//1.tfrecord', '/root/kitti-raw/test_stereo/T1//8.tfrecord', '/root/kitti-raw/test_stereo/T1//7.tfrecord', '/root/kitti-raw/test_stereo/T1//2.tfrecord', '/root/kitti-raw/test_stereo/T1//6.tfrecord', '/root/kitti-raw/test_stereo/T2a//3.tfrecord', '/root/kitti-raw/test_stereo/T2a//0.tfrecord', '/root/kitti-raw/test_stereo/T2a//4.tfrecord', '/root/kitti-raw/test_stereo/T2a//9.tfrecord', '/root/kitti-raw/test_stereo/T2a//5.tfrecord', '/root/kitti-raw/test_stereo/T2a//1.tfrecord', '/root/kitti-raw/test_stereo/T2a//8.tfrecord', '/root/kitti-raw/test_stereo/T2a//7.tfrecord', '/root/kitti-raw/test_stereo/T2a//2.tfrecord', '/root/kitti-raw/test_stereo/T2a//6.tfrecord']
Creating starter according to model name ....
Starter created!
Commands: export CUDA_VISIBLE_DEVICES=0 & python -m training.train_start_rggnet_novae
